<?xml version="1.0" encoding="UTF-8"?>
<testsuite xmlns:xsi="http://www.w3.org/2001/XMLSchema-instance" xsi:noNamespaceSchemaLocation="https://maven.apache.org/surefire/maven-surefire-plugin/xsd/surefire-test-report-3.0.xsd" version="3.0" name="scooter.test.CreateCourierTests" time="22.915" tests="5" errors="0" skipped="0" failures="0">
  <properties>
[...]
</properties>
  <testcase name="shouldFailWithoutPasswordTest" classname="scooter.test.CreateCourierTests" time="1.722"/>
  <testcase name="shouldCreateNewCourierTest" classname="scooter.test.CreateCourierTests" time="5.224"/>
  <testcase name="shouldFailWithoutLoginTest" classname="scooter.test.CreateCourierTests" time="1.747"/>
  <testcase name="shouldCreateCourierWithoutFirstNameTest" classname="scooter.test.CreateCourierTests" time="6.148"/>
  <testcase name="shouldFailToCreateDuplicateCourierTest" classname="scooter.test.CreateCourierTests" time="8.062"/>
</testsuite>